<?xml version="1.0" encoding="UTF-8" ?>
<testsuite tests="12" failures="12" name="WebDriverWeightCountInputHeightTest" time="0" errors="0" skipped="0">
  <properties>
[...]
</properties>
  <testcase classname="WebDriverWeightCountInputHeightTest" name="WebDriverWeightCountInputHeightTest.testInputHeightWithCharacterInHighRegister" time="0">
    <failure type="java.lang.NullPointerException">java.lang.NullPointerException
	at WebDriverWeightCountInputHeightTest.testInputHeightWithCharacterInHighRegister(WebDriverWeightCountInputHeightTest.java:63)
</failure>
  </testcase>
  <testcase classname="WebDriverWeightCountInputHeightTest" name="WebDriverWeightCountInputHeightTest.testInputHeightWithCharacterInLowRegister" time="0">
    <failure type="java.lang.NullPointerException">java.lang.NullPointerException
	at WebDriverWeightCountInputHeightTest.testInputHeightWithCharacterInLowRegister(WebDriverWeightCountInputHeightTest.java:68)
</failure>
  </testcase>
  <testcase classname="WebDriverWeightCountInputHeightTest" name="WebDriverWeightCountInputHeightTest.testInputHeightWithValue150" time="0">
    <failure type="java.lang.NullPointerException">java.lang.NullPointerException
	at WebDriverWeightCountInputHeightTest.testInputHeightWithValue150(WebDriverWeightCountInputHeightTest.java:33)
</failure>
  </testcase>
  <testcase classname="WebDriverWeightCountInputHeightTest" name="WebDriverWeightCountInputHeightTest.testInputHeightWithValue49" time="0">
    <failure type="java.lang.NullPointerException">java.lang.NullPointerException
	at WebDriverWeightCountInputHeightTest.testInputHeightWithValue49(WebDriverWeightCountInputHeightTest.java:38)
</failure>
  </testcase>
  <testcase classname="WebDriverWeightCountInputHeightTest" name="WebDriverWeightCountInputHeightTest.testInputHeightWithValue301" time="0">
    <failure type="java.lang.NullPointerException">java.lang.NullPointerException
	at WebDriverWeightCountInputHeightTest.testInputHeightWithValue301(WebDriverWeightCountInputHeightTest.java:43)
</failure>
  </testcase>
  <testcase classname="WebDriverWeightCountInputHeightTest" name="WebDriverWeightCountInputHeightTest.testInputHeightWithValue50" time="0">
    <failure type="java.lang.NullPointerException">java.lang.NullPointerException
	at WebDriverWeightCountInputHeightTest.testInputHeightWithValue50(WebDriverWeightCountInputHeightTest.java:23)
</failure>
  </testcase>
  <testcase classname="WebDriverWeightCountInputHeightTest" name="WebDriverWeightCountInputHeightTest.testInputHeightWithString" time="0">
    <failure type="java.lang.NullPointerException">java.lang.NullPointerException
	at WebDriverWeightCountInputHeightTest.testInputHeightWithString(WebDriverWeightCountInputHeightTest.java:78)
</failure>
  </testcase>
  <testcase classname="WebDriverWeightCountInputHeightTest" name="WebDriverWeightCountInputHeightTest.testInputHeightWithSymbol" time="0">
    <failure type="java.lang.NullPointerException">java.lang.NullPointerException
	at WebDriverWeightCountInputHeightTest.testInputHeightWithSymbol(WebDriverWeightCountInputHeightTest.java:73)
</failure>
  </testcase>
  <testcase classname="WebDriverWeightCountInputHeightTest" name="WebDriverWeightCountInputHeightTest.testInputHeightWithValueMinus10" time="0">
    <failure type="java.lang.NullPointerException">java.lang.NullPointerException
	at WebDriverWeightCountInputHeightTest.testInputHeightWithValueMinus10(WebDriverWeightCountInputHeightTest.java:53)
</failure>
  </testcase>
  <testcase classname="WebDriverWeightCountInputHeightTest" name="WebDriverWeightCountInputHeightTest.testInputHeightWithValue300" time="0">
    <failure type="java.lang.NullPointerException">java.lang.NullPointerException
	at WebDriverWeightCountInputHeightTest.testInputHeightWithValue300(WebDriverWeightCountInputHeightTest.java:28)
</failure>
  </testcase>
  <testcase classname="WebDriverWeightCountInputHeightTest" name="WebDriverWeightCountInputHeightTest.testInputHeightWithValue1000000" time="0">
    <failure type="java.lang.NullPointerException">java.lang.NullPointerException
	at WebDriverWeightCountInputHeightTest.testInputHeightWithValue1000000(WebDriverWeightCountInputHeightTest.java:58)
</failure>
  </testcase>
  <testcase classname="WebDriverWeightCountInputHeightTest" name="WebDriverWeightCountInputHeightTest.testInputHeightWithValue0" time="0">
    <failure type="java.lang.NullPointerException">java.lang.NullPointerException
	at WebDriverWeightCountInputHeightTest.testInputHeightWithValue0(WebDriverWeightCountInputHeightTest.java:48)
</failure>
  </testcase>
</testsuite>