<?xml version="1.0" encoding="UTF-8" ?>
<testsuite tests="12" failures="12" name="WebDriverWeightCountInputWeightTest" time="0" errors="0" skipped="0">
  <properties>
[...]
</properties>
  <testcase classname="WebDriverWeightCountInputWeightTest" name="WebDriverWeightCountInputWeightTest.testInputWeightWithCharacterInLowRegister" time="0">
    <failure type="java.lang.NullPointerException">java.lang.NullPointerException
	at WebDriverWeightCountInputWeightTest.testInputWeightWithCharacterInLowRegister(WebDriverWeightCountInputWeightTest.java:68)
</failure>
  </testcase>
  <testcase classname="WebDriverWeightCountInputWeightTest" name="WebDriverWeightCountInputWeightTest.testInputWeightWithCharacterInHighRegister" time="0">
    <failure type="java.lang.NullPointerException">java.lang.NullPointerException
	at WebDriverWeightCountInputWeightTest.testInputWeightWithCharacterInHighRegister(WebDriverWeightCountInputWeightTest.java:63)
</failure>
  </testcase>
  <testcase classname="WebDriverWeightCountInputWeightTest" name="WebDriverWeightCountInputWeightTest.testInputWeightWithValue501" time="0">
    <failure type="java.lang.NullPointerException">java.lang.NullPointerException
	at WebDriverWeightCountInputWeightTest.testInputWeightWithValue501(WebDriverWeightCountInputWeightTest.java:38)
</failure>
  </testcase>
  <testcase classname="WebDriverWeightCountInputWeightTest" name="WebDriverWeightCountInputWeightTest.testInputWeightWithValue3" time="0">
    <failure type="java.lang.NullPointerException">java.lang.NullPointerException
	at WebDriverWeightCountInputWeightTest.testInputWeightWithValue3(WebDriverWeightCountInputWeightTest.java:23)
</failure>
  </testcase>
  <testcase classname="WebDriverWeightCountInputWeightTest" name="WebDriverWeightCountInputWeightTest.testInputWeightWithValue1000000" time="0">
    <failure type="java.lang.NullPointerException">java.lang.NullPointerException
	at WebDriverWeightCountInputWeightTest.testInputWeightWithValue1000000(WebDriverWeightCountInputWeightTest.java:43)
</failure>
  </testcase>
  <testcase classname="WebDriverWeightCountInputWeightTest" name="WebDriverWeightCountInputWeightTest.testInputWeightWithValue2" time="0">
    <failure type="java.lang.NullPointerException">java.lang.NullPointerException
	at WebDriverWeightCountInputWeightTest.testInputWeightWithValue2(WebDriverWeightCountInputWeightTest.java:48)
</failure>
  </testcase>
  <testcase classname="WebDriverWeightCountInputWeightTest" name="WebDriverWeightCountInputWeightTest.testInputWeightWithValue0" time="0">
    <failure type="java.lang.NullPointerException">java.lang.NullPointerException
	at WebDriverWeightCountInputWeightTest.testInputWeightWithValue0(WebDriverWeightCountInputWeightTest.java:53)
</failure>
  </testcase>
  <testcase classname="WebDriverWeightCountInputWeightTest" name="WebDriverWeightCountInputWeightTest.testInputWeightWithSymbol" time="0">
    <failure type="java.lang.NullPointerException">java.lang.NullPointerException
	at WebDriverWeightCountInputWeightTest.testInputWeightWithSymbol(WebDriverWeightCountInputWeightTest.java:73)
</failure>
  </testcase>
  <testcase classname="WebDriverWeightCountInputWeightTest" name="WebDriverWeightCountInputWeightTest.testInputWeightWithString" time="0">
    <failure type="java.lang.NullPointerException">java.lang.NullPointerException
	at WebDriverWeightCountInputWeightTest.testInputWeightWithString(WebDriverWeightCountInputWeightTest.java:78)
</failure>
  </testcase>
  <testcase classname="WebDriverWeightCountInputWeightTest" name="WebDriverWeightCountInputWeightTest.testInputWeightWithValue500" time="0">
    <failure type="java.lang.NullPointerException">java.lang.NullPointerException
	at WebDriverWeightCountInputWeightTest.testInputWeightWithValue500(WebDriverWeightCountInputWeightTest.java:28)
</failure>
  </testcase>
  <testcase classname="WebDriverWeightCountInputWeightTest" name="WebDriverWeightCountInputWeightTest.testInputWeightWithValue60" time="0">
    <failure type="java.lang.NullPointerException">java.lang.NullPointerException
	at WebDriverWeightCountInputWeightTest.testInputWeightWithValue60(WebDriverWeightCountInputWeightTest.java:33)
</failure>
  </testcase>
  <testcase classname="WebDriverWeightCountInputWeightTest" name="WebDriverWeightCountInputWeightTest.testInputWeightWithValueMinus10" time="0">
    <failure type="java.lang.NullPointerException">java.lang.NullPointerException
	at WebDriverWeightCountInputWeightTest.testInputWeightWithValueMinus10(WebDriverWeightCountInputWeightTest.java:58)
</failure>
  </testcase>
</testsuite>