-------------------------------------------------------------------------------
Test set: WebDriverWeightCountInputNameTest
-------------------------------------------------------------------------------
Tests run: 5, Failures: 5, Errors: 0, Skipped: 0, Time elapsed: 0 sec <<< FAILURE!
WebDriverWeightCountInputNameTest.testInputNameWithValue0()  Time elapsed: 0 sec  <<< FAILURE!
java.lang.NullPointerException
	at WebDriverWeightCountInputNameTest.testInputNameWithValue0(WebDriverWeightCountInputNameTest.java:43)

WebDriverWeightCountInputNameTest.testInputNameWithValueName()  Time elapsed: 0 sec  <<< FAILURE!
java.lang.NullPointerException
	at WebDriverWeightCountInputNameTest.testInputNameWithValueName(WebDriverWeightCountInputNameTest.java:23)

WebDriverWeightCountInputNameTest.testInputNameWithSymbol()  Time elapsed: 0 sec  <<< FAILURE!
java.lang.NullPointerException
	at WebDriverWeightCountInputNameTest.testInputNameWithSymbol(WebDriverWeightCountInputNameTest.java:28)

WebDriverWeightCountInputNameTest.testEmptyInputName()  Time elapsed: 0 sec  <<< FAILURE!
java.lang.NullPointerException
	at WebDriverWeightCountInputNameTest.testEmptyInputName(WebDriverWeightCountInputNameTest.java:33)

WebDriverWeightCountInputNameTest.testInputNameWithSpace()  Time elapsed: 0 sec  <<< FAILURE!
java.lang.NullPointerException
	at WebDriverWeightCountInputNameTest.testInputNameWithSpace(WebDriverWeightCountInputNameTest.java:38)

