-------------------------------------------------------------------------------
Test set: WebDriverWeightCountInputHeightTest
-------------------------------------------------------------------------------
Tests run: 12, Failures: 12, Errors: 0, Skipped: 0, Time elapsed: 0 sec <<< FAILURE!
WebDriverWeightCountInputHeightTest.testInputHeightWithCharacterInHighRegister()  Time elapsed: 0 sec  <<< FAILURE!
java.lang.NullPointerException
	at WebDriverWeightCountInputHeightTest.testInputHeightWithCharacterInHighRegister(WebDriverWeightCountInputHeightTest.java:63)

WebDriverWeightCountInputHeightTest.testInputHeightWithCharacterInLowRegister()  Time elapsed: 0 sec  <<< FAILURE!
java.lang.NullPointerException
	at WebDriverWeightCountInputHeightTest.testInputHeightWithCharacterInLowRegister(WebDriverWeightCountInputHeightTest.java:68)

WebDriverWeightCountInputHeightTest.testInputHeightWithValue150()  Time elapsed: 0 sec  <<< FAILURE!
java.lang.NullPointerException
	at WebDriverWeightCountInputHeightTest.testInputHeightWithValue150(WebDriverWeightCountInputHeightTest.java:33)

WebDriverWeightCountInputHeightTest.testInputHeightWithValue49()  Time elapsed: 0 sec  <<< FAILURE!
java.lang.NullPointerException
	at WebDriverWeightCountInputHeightTest.testInputHeightWithValue49(WebDriverWeightCountInputHeightTest.java:38)

WebDriverWeightCountInputHeightTest.testInputHeightWithValue301()  Time elapsed: 0 sec  <<< FAILURE!
java.lang.NullPointerException
	at WebDriverWeightCountInputHeightTest.testInputHeightWithValue301(WebDriverWeightCountInputHeightTest.java:43)

WebDriverWeightCountInputHeightTest.testInputHeightWithValue50()  Time elapsed: 0 sec  <<< FAILURE!
java.lang.NullPointerException
	at WebDriverWeightCountInputHeightTest.testInputHeightWithValue50(WebDriverWeightCountInputHeightTest.java:23)

WebDriverWeightCountInputHeightTest.testInputHeightWithString()  Time elapsed: 0 sec  <<< FAILURE!
java.lang.NullPointerException
	at WebDriverWeightCountInputHeightTest.testInputHeightWithString(WebDriverWeightCountInputHeightTest.java:78)

WebDriverWeightCountInputHeightTest.testInputHeightWithSymbol()  Time elapsed: 0 sec  <<< FAILURE!
java.lang.NullPointerException
	at WebDriverWeightCountInputHeightTest.testInputHeightWithSymbol(WebDriverWeightCountInputHeightTest.java:73)

WebDriverWeightCountInputHeightTest.testInputHeightWithValueMinus10()  Time elapsed: 0 sec  <<< FAILURE!
java.lang.NullPointerException
	at WebDriverWeightCountInputHeightTest.testInputHeightWithValueMinus10(WebDriverWeightCountInputHeightTest.java:53)

WebDriverWeightCountInputHeightTest.testInputHeightWithValue300()  Time elapsed: 0 sec  <<< FAILURE!
java.lang.NullPointerException
	at WebDriverWeightCountInputHeightTest.testInputHeightWithValue300(WebDriverWeightCountInputHeightTest.java:28)

WebDriverWeightCountInputHeightTest.testInputHeightWithValue1000000()  Time elapsed: 0 sec  <<< FAILURE!
java.lang.NullPointerException
	at WebDriverWeightCountInputHeightTest.testInputHeightWithValue1000000(WebDriverWeightCountInputHeightTest.java:58)

WebDriverWeightCountInputHeightTest.testInputHeightWithValue0()  Time elapsed: 0 sec  <<< FAILURE!
java.lang.NullPointerException
	at WebDriverWeightCountInputHeightTest.testInputHeightWithValue0(WebDriverWeightCountInputHeightTest.java:48)

