-------------------------------------------------------------------------------
Test set: WebDriverWeightCountInputWeightTest
-------------------------------------------------------------------------------
Tests run: 12, Failures: 12, Errors: 0, Skipped: 0, Time elapsed: 0.001 sec <<< FAILURE!
WebDriverWeightCountInputWeightTest.testInputWeightWithCharacterInLowRegister()  Time elapsed: 0 sec  <<< FAILURE!
java.lang.NullPointerException
	at WebDriverWeightCountInputWeightTest.testInputWeightWithCharacterInLowRegister(WebDriverWeightCountInputWeightTest.java:68)

WebDriverWeightCountInputWeightTest.testInputWeightWithCharacterInHighRegister()  Time elapsed: 0 sec  <<< FAILURE!
java.lang.NullPointerException
	at WebDriverWeightCountInputWeightTest.testInputWeightWithCharacterInHighRegister(WebDriverWeightCountInputWeightTest.java:63)

WebDriverWeightCountInputWeightTest.testInputWeightWithValue501()  Time elapsed: 0 sec  <<< FAILURE!
java.lang.NullPointerException
	at WebDriverWeightCountInputWeightTest.testInputWeightWithValue501(WebDriverWeightCountInputWeightTest.java:38)

WebDriverWeightCountInputWeightTest.testInputWeightWithValue3()  Time elapsed: 0 sec  <<< FAILURE!
java.lang.NullPointerException
	at WebDriverWeightCountInputWeightTest.testInputWeightWithValue3(WebDriverWeightCountInputWeightTest.java:23)

WebDriverWeightCountInputWeightTest.testInputWeightWithValue1000000()  Time elapsed: 0 sec  <<< FAILURE!
java.lang.NullPointerException
	at WebDriverWeightCountInputWeightTest.testInputWeightWithValue1000000(WebDriverWeightCountInputWeightTest.java:43)

WebDriverWeightCountInputWeightTest.testInputWeightWithValue2()  Time elapsed: 0 sec  <<< FAILURE!
java.lang.NullPointerException
	at WebDriverWeightCountInputWeightTest.testInputWeightWithValue2(WebDriverWeightCountInputWeightTest.java:48)

WebDriverWeightCountInputWeightTest.testInputWeightWithValue0()  Time elapsed: 0 sec  <<< FAILURE!
java.lang.NullPointerException
	at WebDriverWeightCountInputWeightTest.testInputWeightWithValue0(WebDriverWeightCountInputWeightTest.java:53)

WebDriverWeightCountInputWeightTest.testInputWeightWithSymbol()  Time elapsed: 0 sec  <<< FAILURE!
java.lang.NullPointerException
	at WebDriverWeightCountInputWeightTest.testInputWeightWithSymbol(WebDriverWeightCountInputWeightTest.java:73)

WebDriverWeightCountInputWeightTest.testInputWeightWithString()  Time elapsed: 0 sec  <<< FAILURE!
java.lang.NullPointerException
	at WebDriverWeightCountInputWeightTest.testInputWeightWithString(WebDriverWeightCountInputWeightTest.java:78)

WebDriverWeightCountInputWeightTest.testInputWeightWithValue500()  Time elapsed: 0 sec  <<< FAILURE!
java.lang.NullPointerException
	at WebDriverWeightCountInputWeightTest.testInputWeightWithValue500(WebDriverWeightCountInputWeightTest.java:28)

WebDriverWeightCountInputWeightTest.testInputWeightWithValue60()  Time elapsed: 0 sec  <<< FAILURE!
java.lang.NullPointerException
	at WebDriverWeightCountInputWeightTest.testInputWeightWithValue60(WebDriverWeightCountInputWeightTest.java:33)

WebDriverWeightCountInputWeightTest.testInputWeightWithValueMinus10()  Time elapsed: 0 sec  <<< FAILURE!
java.lang.NullPointerException
	at WebDriverWeightCountInputWeightTest.testInputWeightWithValueMinus10(WebDriverWeightCountInputWeightTest.java:58)

